Building DAG of jobs...
Provided cores: 1 (use --cores to define parallelism)
Rules claiming more threads will be scaled down.
Job counts:
	count	jobs
	1	all
	1	make_archive
	1	make_plot
	1	zipf_test
	4

[Tue May 18 10:39:38 2021]
rule zipf_test:
    input: source/zipf_test.py, processed_data/abyss.dat, processed_data/isles.dat, processed_data/last.dat, processed_data/sierra.dat
    output: results/results.txt
    jobid: 10

[Tue May 18 10:39:38 2021]
Finished job 10.
1 of 4 steps (25%) done

[Tue May 18 10:39:38 2021]
rule make_plot:
    input: source/plotcount.py, processed_data/sierra.dat
    output: results/sierra.png
    jobid: 8
    wildcards: file=sierra

[Tue May 18 10:39:39 2021]
Finished job 8.
2 of 4 steps (50%) done

[Tue May 18 10:39:39 2021]
localrule make_archive:
    input: results/abyss.png, results/isles.png, results/last.png, results/sierra.png, processed_data/abyss.dat, processed_data/isles.dat, processed_data/last.dat, processed_data/sierra.dat, results/results.txt
    output: zipf_analysis.tar.gz
    jobid: 1

[Tue May 18 10:39:39 2021]
Finished job 1.
3 of 4 steps (75%) done

[Tue May 18 10:39:39 2021]
localrule all:
    input: zipf_analysis.tar.gz
    jobid: 0

[Tue May 18 10:39:39 2021]
Finished job 0.
4 of 4 steps (100%) done
Complete log: C:\Users\magnu\word-count\.snakemake\log\2021-05-18T103937.164154.snakemake.log
